2025-10-23 13:11:03 Arduino IDE 2.3.6
2025-10-23 13:11:03 Checking for frontend application configuration customizations. Module path: /tmp/.mount_arduinTMthZ1/resources/app/lib/backend/electron-main.js, destination 'package.json': /tmp/.mount_arduinTMthZ1/resources/app/package.json
2025-10-23 13:11:04 Setting 'theia.frontend.config.appVersion' application configuration value to: "2.3.6" (type of string)
2025-10-23 13:11:04 Setting 'theia.frontend.config.cliVersion' application configuration value to: "1.2.0" (type of string)
2025-10-23 13:11:04 Setting 'theia.frontend.config.buildDate' application configuration value to: "2025-04-09T11:24:04.835Z" (type of string)
2025-10-23 13:11:04 Frontend application configuration after modifications: {"applicationName":"Arduino IDE","defaultTheme":{"light":"arduino-theme","dark":"arduino-theme-dark"},"defaultIconTheme":"none","electron":{"windowOptions":{},"showWindowEarly":true,"splashScreenOptions":{},"uriScheme":"arduino-ide"},"defaultLocale":"","validatePreferencesSchema":false,"reloadOnReconnect":true,"uriScheme":"theia","preferences":{"window.title":"${rootName}${activeEditorShort}${appName}","files.autoSave":"afterDelay","editor.minimap.enabled":false,"editor.tabSize":2,"editor.scrollBeyondLastLine":false,"editor.quickSuggestions":{"other":false,"comments":false,"strings":false},"editor.maxTokenizationLineLength":500,"editor.bracketPairColorization.enabled":false,"breadcrumbs.enabled":false,"workbench.tree.renderIndentGuides":"none","explorer.compactFolders":false},"appVersion":"2.3.6","cliVersion":"1.2.0","buildDate":"2025-04-09T11:24:04.835Z"}
2025-10-23 13:11:04 Starting backend process. PID: 10804
2025-10-23 13:11:04 Showing main window early
2025-10-23 13:11:05 Using browser-only version of superagent in non-browser environment
2025-10-23 13:11:05 Configuration directory URI: 'file:///home/jono/.arduinoIDE'
2025-10-23 13:11:05 Configuring to accept webviews on '^.+\.webview\..+$' hostname.
2025-10-23 13:11:05 2025-10-23T00:11:05.259Z root WARN Backend u.initialize took longer than the expected maximum 50 milliseconds: 67.7 ms [Finished 0.958 s after backend start]
2025-10-23 13:11:05 2025-10-23T00:11:05.264Z root WARN Backend Object.initialize took longer than the expected maximum 50 milliseconds: 65.5 ms [Finished 0.958 s after backend start]
2025-10-23 13:11:05 2025-10-23T00:11:05.264Z root INFO Backend a.initialize: 1.5 ms [Finished 0.958 s after backend start]
2025-10-23 13:11:05 2025-10-23T00:11:05.264Z root INFO Backend a.initialize: 1.2 ms [Finished 0.958 s after backend start]
2025-10-23 13:11:05 2025-10-23T00:11:05.264Z root INFO Backend u.initialize: 1.6 ms [Finished 0.959 s after backend start]
2025-10-23 13:11:05 2025-10-23T00:11:05.267Z root WARN Backend l.initialize took longer than the expected maximum 50 milliseconds: 67.1 ms [Finished 0.960 s after backend start]
2025-10-23 13:11:05 2025-10-23T00:11:05.275Z root INFO configured all backend app contributions
2025-10-23 13:11:05 2025-10-23T00:11:05.276Z root INFO Backend l.onStart: 1.5 ms [Finished 0.977 s after backend start]
2025-10-23 13:11:05 2025-10-23T00:11:05.276Z root INFO Backend d.onStart: 0.1 ms [Finished 0.977 s after backend start]
2025-10-23 13:11:05 2025-10-23T00:11:05.277Z root INFO Backend a.onStart: 0.4 ms [Finished 0.977 s after backend start]
2025-10-23 13:11:05 2025-10-23T00:11:05.277Z config INFO >>> Initializing CLI configuration...
2025-10-23 13:11:05 2025-10-23T00:11:05.277Z root INFO Backend x.onStart: 0.4 ms [Finished 0.978 s after backend start]
2025-10-23 13:11:05 2025-10-23T00:11:05.277Z config INFO Loading CLI configuration from /home/jono/.arduinoIDE/arduino-cli.yaml...
2025-10-23 13:11:05 2025-10-23T00:11:05.277Z daemon INFO Starting daemon from /tmp/.mount_arduinTMthZ1/resources/app/lib/backend/resources/arduino-cli...
2025-10-23 13:11:05 2025-10-23T00:11:05.277Z root INFO Backend w.onStart: 0.4 ms [Finished 0.978 s after backend start]
2025-10-23 13:11:05 2025-10-23T00:11:05.277Z discovery-log INFO start
2025-10-23 13:11:05 2025-10-23T00:11:05.277Z discovery-log INFO start new deferred
2025-10-23 13:11:05 2025-10-23T00:11:05.277Z root INFO Backend v.onStart: 0.3 ms [Finished 0.979 s after backend start]
2025-10-23 13:11:05 2025-10-23T00:11:05.277Z root INFO Backend a.onStart: 0.1 ms [Finished 0.979 s after backend start]
2025-10-23 13:11:05 2025-10-23T00:11:05.282Z root INFO Theia app listening on http://127.0.0.1:40795.
2025-10-23 13:11:05 2025-10-23T00:11:05.282Z root INFO Finished starting backend application: 4.5 ms [Finished 0.983 s after backend start]
2025-10-23 13:11:05 2025-10-23T00:11:05.283Z root WARN The local plugin referenced by local-dir:/home/jono/.arduinoIDE/plugins does not exist.
2025-10-23 13:11:05 2025-10-23T00:11:05.283Z root WARN The local plugin referenced by local-dir:/home/jono/.arduinoIDE/deployedPlugins does not exist.
2025-10-23 13:11:05 2025-10-23T00:11:05.306Z config INFO Loaded CLI configuration: {"board_manager":{"additional_urls":[]}}
2025-10-23 13:11:05 2025-10-23T00:11:05.306Z config INFO Loading fallback CLI configuration to get 'directories.data' and 'directories.user'
2025-10-23 13:11:05 2025-10-23T00:11:05.485Z root INFO Resolve plugins list: 205.0 ms [Finished 1.185 s after backend start]
2025-10-23 13:11:05 Stored workspaces roots: 
2025-10-23 13:11:05 No sketches were scheduled for deletion.
