2025-08-28 23:19:35 Loading main app package /usr/lib/obsidian/obsidian.asar
2025-08-28 23:19:35 Checking for update using Github
2025-08-28 23:19:35 Success.
2025-08-28 23:19:35 Latest version is 1.9.12
2025-08-28 23:19:35 App is up to date.
2025-08-28 23:23:52 Loading main app package /usr/lib/obsidian/obsidian.asar
2025-08-28 23:23:53 Checking for update using Github
2025-08-28 23:23:53 Success.
2025-08-28 23:23:53 Latest version is 1.9.12
2025-08-28 23:23:53 App is up to date.
2025-08-28 23:25:47 Loading main app package /usr/lib/obsidian/obsidian.asar
2025-08-28 23:25:47 Checking for update using Github
2025-08-28 23:25:47 Success.
2025-08-28 23:25:47 Latest version is 1.9.12
2025-08-28 23:25:47 App is up to date.
2025-08-28 23:29:20 Loading main app package /usr/lib/obsidian/obsidian.asar
2025-08-28 23:29:20 Checking for update using Github
2025-08-28 23:29:20 Success.
2025-08-28 23:29:20 Latest version is 1.9.12
2025-08-28 23:29:20 App is up to date.
2025-08-28 23:36:10 Loading main app package /usr/lib/obsidian/obsidian.asar
2025-08-28 23:36:11 Checking for update using Github
2025-08-28 23:36:11 Success.
2025-08-28 23:36:11 Latest version is 1.9.12
2025-08-28 23:36:11 App is up to date.
2025-08-28 23:45:40 Loading main app package /usr/lib/obsidian/obsidian.asar
2025-08-28 23:45:40 Checking for update using Github
2025-08-28 23:45:40 Success.
2025-08-28 23:45:40 Latest version is 1.9.12
2025-08-28 23:45:40 App is up to date.
2025-08-31 23:22:36 Loading main app package /usr/lib/obsidian/obsidian.asar
2025-08-31 23:22:36 Checking for update using Github
2025-08-31 23:22:36 Failed to check for update using Github (net::ERR_INTERNET_DISCONNECTED)
2025-08-31 23:22:36 Checking for update using obsidian.md
2025-08-31 23:22:36 Failed to check for update using obsidian.md (net::ERR_INTERNET_DISCONNECTED)
2025-08-31 23:30:06 Loading main app package /usr/lib/obsidian/obsidian.asar
2025-08-31 23:30:06 Checking for update using Github
2025-08-31 23:30:06 Failed to check for update using Github (net::ERR_INTERNET_DISCONNECTED)
2025-08-31 23:30:06 Checking for update using obsidian.md
2025-08-31 23:30:06 Failed to check for update using obsidian.md (net::ERR_INTERNET_DISCONNECTED)
2025-09-13 20:34:42 Loading main app package /usr/lib/obsidian/obsidian.asar
2025-09-13 20:34:42 Checking for update using Github
2025-09-13 20:34:42 Failed to check for update using Github (net::ERR_INTERNET_DISCONNECTED)
2025-09-13 20:34:42 Checking for update using obsidian.md
2025-09-13 20:34:42 Failed to check for update using obsidian.md (net::ERR_INTERNET_DISCONNECTED)
2025-09-13 20:34:48 Loading main app package /usr/lib/obsidian/obsidian.asar
2025-09-13 20:34:49 Checking for update using Github
2025-09-13 20:34:49 Failed to check for update using Github (net::ERR_INTERNET_DISCONNECTED)
2025-09-13 20:34:49 Checking for update using obsidian.md
2025-09-13 20:34:49 Failed to check for update using obsidian.md (net::ERR_INTERNET_DISCONNECTED)
2025-09-13 22:32:06 Loading main app package /usr/lib/obsidian/obsidian.asar
2025-09-13 22:32:06 Checking for update using Github
2025-09-13 22:32:06 Success.
2025-09-13 22:32:06 Latest version is 1.9.12
2025-09-13 22:32:06 App is up to date.
2025-09-15 02:17:13 Loading main app package /usr/lib/obsidian/obsidian.asar
2025-09-15 02:17:13 Checking for update using Github
2025-09-15 02:17:13 Success.
2025-09-15 02:17:13 Latest version is 1.9.12
2025-09-15 02:17:13 App is up to date.
2025-09-15 03:05:08 Loading main app package /usr/lib/obsidian/obsidian.asar
2025-09-15 03:05:09 Checking for update using Github
2025-09-15 03:05:09 Success.
2025-09-15 03:05:09 Latest version is 1.9.12
2025-09-15 03:05:09 App is up to date.
2025-09-17 00:01:42 Loading main app package /usr/lib/obsidian/obsidian.asar
2025-09-17 00:01:42 Checking for update using Github
2025-09-17 00:01:42 Success.
2025-09-17 00:01:42 Latest version is 1.9.12
2025-09-17 00:01:42 App is up to date.
2025-09-17 04:10:19 Loading main app package /usr/lib/obsidian/obsidian.asar
2025-09-17 04:10:20 Checking for update using Github
2025-09-17 04:10:20 Success.
2025-09-17 04:10:20 Latest version is 1.9.12
2025-09-17 04:10:20 App is up to date.
2025-09-22 06:06:58 Loading main app package /usr/lib/obsidian/obsidian.asar
2025-09-22 06:06:58 Checking for update using Github
2025-09-22 06:06:58 Success.
2025-09-22 06:06:58 Latest version is 1.9.12
2025-09-22 06:06:58 App is up to date.
2025-09-22 07:16:33 Loading main app package /usr/lib/obsidian/obsidian.asar
2025-09-22 07:16:33 Checking for update using Github
2025-09-22 07:16:33 Success.
2025-09-22 07:16:33 Latest version is 1.9.12
2025-09-22 07:16:33 App is up to date.
2025-09-24 00:09:51 Loading main app package /usr/lib/obsidian/obsidian.asar
2025-09-24 00:09:51 Checking for update using Github
2025-09-24 00:09:52 Success.
2025-09-24 00:09:52 Latest version is 1.9.12
2025-09-24 00:09:52 App is up to date.
2025-09-25 00:11:04 Loading main app package /usr/lib/obsidian/obsidian.asar
2025-09-25 00:11:04 Checking for update using Github
2025-09-25 00:11:05 Success.
2025-09-25 00:11:05 Latest version is 1.9.12
2025-09-25 00:11:05 App is up to date.
2025-09-26 02:28:55 Loading main app package /usr/lib/obsidian/obsidian.asar
2025-09-26 02:28:55 Checking for update using Github
2025-09-26 02:28:55 Success.
2025-09-26 02:28:55 Latest version is 1.9.12
2025-09-26 02:28:55 App is up to date.
2025-09-26 03:46:30 Checking for update using Github
2025-09-26 03:46:30 Success.
2025-09-26 03:46:30 Latest version is 1.9.12
2025-09-26 03:46:30 App is up to date.
2025-09-29 19:17:46 Loading main app package /usr/lib/obsidian/obsidian.asar
2025-09-29 19:17:47 Checking for update using Github
2025-09-29 19:17:47 Success.
2025-09-29 19:17:47 Latest version is 1.9.12
2025-09-29 19:17:47 App is up to date.
2025-10-02 04:07:03 Loading main app package /usr/lib/obsidian/obsidian.asar
2025-10-02 04:07:04 Checking for update using Github
2025-10-02 04:07:04 Success.
2025-10-02 04:07:04 Latest version is 1.9.14
2025-10-02 04:07:04 Downloading update from https://github.com/obsidianmd/obsidian-releases/releases/download/v1.9.14/obsidian-1.9.14.asar.gz
2025-10-02 04:07:05 Verifying hash & signature. Size= 9033685
2025-10-02 04:07:05 Saving file
2025-10-02 04:07:06 Update complete.
2025-10-02 05:21:51 Checking for update using Github
2025-10-02 05:21:51 Success.
2025-10-02 05:21:51 Latest version is 1.9.14
2025-10-02 05:21:51 An update is already downloaded.
2025-10-02 06:07:25 Loading updated app package /home/jono/.config/obsidian/obsidian-1.9.14.asar
2025-10-02 06:07:26 Checking for update using Github
2025-10-02 06:07:26 Success.
2025-10-02 06:07:26 Latest version is 1.9.14
2025-10-02 06:07:26 App is up to date.
2025-10-03 01:07:11 Loading updated app package /home/jono/.config/obsidian/obsidian-1.9.14.asar
2025-10-03 01:07:12 Checking for update using Github
2025-10-03 01:07:12 Success.
2025-10-03 01:07:12 Latest version is 1.9.14
2025-10-03 01:07:12 App is up to date.
2025-10-05 21:10:01 Loading main app package /usr/lib/obsidian/obsidian.asar
2025-10-05 21:10:01 Checking for update using Github
2025-10-05 21:10:02 Success.
2025-10-05 21:10:02 Latest version is 1.9.14
2025-10-05 21:10:02 App is up to date.
2025-10-06 01:12:40 Loading main app package /usr/lib/obsidian/obsidian.asar
2025-10-06 01:12:41 Checking for update using Github
2025-10-06 01:12:41 Success.
2025-10-06 01:12:41 Latest version is 1.9.14
2025-10-06 01:12:41 App is up to date.
2025-10-06 02:08:26 Loading main app package /usr/lib/obsidian/obsidian.asar
2025-10-06 02:08:26 Checking for update using Github
2025-10-06 02:08:27 Success.
2025-10-06 02:08:27 Latest version is 1.9.14
2025-10-06 02:08:27 App is up to date.
2025-10-07 19:23:47 Loading main app package /usr/lib/obsidian/obsidian.asar
2025-10-07 19:23:48 Checking for update using Github
2025-10-07 19:23:48 Success.
2025-10-07 19:23:48 Latest version is 1.9.14
2025-10-07 19:23:48 App is up to date.
2025-10-09 01:50:11 Loading main app package /usr/lib/obsidian/obsidian.asar
2025-10-09 01:50:12 Checking for update using Github
2025-10-09 01:50:12 Success.
2025-10-09 01:50:12 Latest version is 1.9.14
2025-10-09 01:50:12 App is up to date.
2025-10-09 02:50:11 Checking for update using Github
2025-10-09 02:50:11 Success.
2025-10-09 02:50:11 Latest version is 1.9.14
2025-10-09 02:50:11 App is up to date.
2025-10-09 03:53:57 Checking for update using Github
2025-10-09 03:53:57 Success.
2025-10-09 03:53:57 Latest version is 1.9.14
2025-10-09 03:53:57 App is up to date.
2025-10-13 19:42:10 Loading main app package /usr/lib/obsidian/obsidian.asar
2025-10-13 19:42:10 Checking for update using Github
2025-10-13 19:42:11 Success.
2025-10-13 19:42:11 Latest version is 1.9.14
2025-10-13 19:42:11 App is up to date.
2025-10-14 19:28:06 Loading main app package /usr/lib/obsidian/obsidian.asar
2025-10-14 19:28:07 Checking for update using Github
2025-10-14 19:28:07 Success.
2025-10-14 19:28:07 Latest version is 1.9.14
2025-10-14 19:28:07 App is up to date.
2025-10-15 23:10:11 Loading main app package /usr/lib/obsidian/obsidian.asar
2025-10-15 23:10:11 Checking for update using Github
2025-10-15 23:10:12 Success.
2025-10-15 23:10:12 Latest version is 1.9.14
2025-10-15 23:10:12 App is up to date.
2025-10-16 23:09:53 Loading main app package /usr/lib/obsidian/obsidian.asar
2025-10-16 23:09:53 Checking for update using Github
2025-10-16 23:09:53 Success.
2025-10-16 23:09:53 Latest version is 1.9.14
2025-10-16 23:09:53 App is up to date.
2025-10-17 00:15:59 Checking for update using Github
2025-10-17 00:15:59 Success.
2025-10-17 00:15:59 Latest version is 1.9.14
2025-10-17 00:15:59 App is up to date.
2025-10-17 01:07:31 Loading main app package /usr/lib/obsidian/obsidian.asar
2025-10-17 01:07:32 Checking for update using Github
2025-10-17 01:07:32 Success.
2025-10-17 01:07:32 Latest version is 1.9.14
2025-10-17 01:07:32 App is up to date.
2025-10-19 21:09:13 Loading main app package /usr/lib/obsidian/obsidian.asar
2025-10-19 21:09:13 Checking for update using Github
2025-10-19 21:09:14 Success.
2025-10-19 21:09:14 Latest version is 1.9.14
2025-10-19 21:09:14 App is up to date.
2025-10-19 21:22:26 Loading main app package /usr/lib/obsidian/obsidian.asar
2025-10-19 21:22:26 Checking for update using Github
2025-10-20 00:23:59 Checking for update using Github
2025-10-20 00:23:59 Success.
2025-10-20 00:23:59 Latest version is 1.9.14
2025-10-20 00:23:59 App is up to date.
2025-10-20 03:04:41 Checking for update using Github
2025-10-20 03:04:41 Success.
2025-10-20 03:04:41 Latest version is 1.9.14
2025-10-20 03:04:41 App is up to date.
2025-10-20 04:22:56 Checking for update using Github
2025-10-20 04:22:56 Success.
2025-10-20 04:22:56 Latest version is 1.9.14
2025-10-20 04:22:56 App is up to date.
2025-10-20 19:10:44 Loading main app package /usr/lib/obsidian/obsidian.asar
2025-10-20 19:10:45 Checking for update using Github
2025-10-20 19:10:45 Success.
2025-10-20 19:10:45 Latest version is 1.9.14
2025-10-20 19:10:45 App is up to date.
2025-10-20 22:07:22 Loading main app package /usr/lib/obsidian/obsidian.asar
2025-10-20 22:07:23 Checking for update using Github
2025-10-20 22:07:23 Success.
2025-10-20 22:07:23 Latest version is 1.9.14
2025-10-20 22:07:23 App is up to date.
2025-10-21 19:14:19 Loading main app package /usr/lib/obsidian/obsidian.asar
2025-10-21 19:14:19 Checking for update using Github
2025-10-21 19:14:20 Success.
2025-10-21 19:14:20 Latest version is 1.9.14
2025-10-21 19:14:20 App is up to date.
2025-10-22 01:36:31 Loading main app package /usr/lib/obsidian/obsidian.asar
2025-10-22 01:36:31 Checking for update using Github
2025-10-22 01:36:32 Success.
2025-10-22 01:36:32 Latest version is 1.9.14
2025-10-22 01:36:32 App is up to date.
2025-10-22 23:07:44 Loading main app package /usr/lib/obsidian/obsidian.asar
2025-10-22 23:07:45 Checking for update using Github
2025-10-22 23:07:45 Success.
2025-10-22 23:07:45 Latest version is 1.9.14
2025-10-22 23:07:45 App is up to date.
2025-10-23 00:07:36 Loading main app package /usr/lib/obsidian/obsidian.asar
2025-10-23 00:07:37 Checking for update using Github
2025-10-23 00:13:15 Checking for update using Github
2025-10-23 00:13:15 Success.
2025-10-23 00:13:15 Latest version is 1.9.14
2025-10-23 00:13:15 App is up to date.
2025-10-24 04:34:46 Loading main app package /usr/lib/obsidian/obsidian.asar
2025-10-24 04:34:46 Checking for update using Github
2025-10-24 04:34:46 Success.
2025-10-24 04:34:46 Latest version is 1.9.14
2025-10-24 04:34:46 App is up to date.
2025-10-27 07:09:25 Loading main app package /usr/lib/obsidian/obsidian.asar
2025-10-27 07:09:26 Checking for update using Github
2025-10-27 07:09:26 Failed to check for update using Github (net::ERR_INTERNET_DISCONNECTED)
2025-10-27 07:09:26 Checking for update using obsidian.md
2025-10-27 07:09:26 Failed to check for update using obsidian.md (net::ERR_INTERNET_DISCONNECTED)
2025-10-27 07:10:20 Loading main app package /usr/lib/obsidian/obsidian.asar
2025-10-27 07:10:21 Checking for update using Github
2025-10-27 07:10:21 Failed to check for update using Github (net::ERR_INTERNET_DISCONNECTED)
2025-10-27 07:10:21 Checking for update using obsidian.md
2025-10-27 07:10:21 Failed to check for update using obsidian.md (net::ERR_INTERNET_DISCONNECTED)
2025-10-28 01:25:45 Loading main app package /usr/lib/obsidian/obsidian.asar
2025-10-28 01:25:46 Checking for update using Github
2025-10-28 01:25:46 Success.
2025-10-28 01:25:46 Latest version is 1.9.14
2025-10-28 01:25:46 App is up to date.
