00:00:00.436113 VirtualBox GUI VM Selector Window 7.2.4 r170995 linux.amd64 (Oct 22 2025 16:59:14) release log
00:00:00.436117 Log opened 2025-12-09T01:48:19.868313000Z
00:00:00.436118 Build Type: release
00:00:00.436121 OS Product: Linux
00:00:00.436123 OS Release: 6.12.61-1-lts
00:00:00.436124 OS Version: #1 SMP PREEMPT_DYNAMIC Sun, 07 Dec 2025 09:50:46 +0000
00:00:00.436172 DMI Product Name: 20U5000HAU
00:00:00.436193 DMI Product Version: ThinkPad L14 Gen 1
00:00:00.436203 Firmware type: UEFI
00:00:00.436681 Secure Boot: Disabled
00:00:00.436766 Host RAM: 15349MB (14.9GB) total, 13793MB (13.4GB) available
00:00:00.436770 Executable: /usr/lib/virtualbox/VirtualBox
00:00:00.436771 Process ID: 2543
00:00:00.436772 Package type: LINUX_64BITS_GENERIC (OSE)
00:00:00.436817 Qt version: 6.10.1
00:00:00.439347 GUI: UIMediumEnumerator: Initial medium-enumeration finished!
00:00:00.504562 GUI: UIMediumEnumerator: Medium-enumeration started...
00:00:01.396442 GUI: UIMediumEnumerator: Medium-enumeration finished!
00:00:05.050868 GUI: UIInvisibleWindow::sltFallback: Move event missing. Screen: 0, work area: 959x539 x 800x800
00:00:05.050915 GUI: UIDesktopWidgetWatchdog::sltHandleHostScreenAvailableGeometryCalculated: Screen 0 work area is actually resized to: 959x539 x 800x800
00:00:08.212993 GUI: UIMediumEnumerator: Medium-enumeration finished!
00:00:08.563814 GUI: UIMediumEnumerator: Medium-enumeration finished!
00:00:11.279585 GUI: UIMediumEnumerator: Medium-enumeration finished!
00:00:13.065537 GUI: UIMediumEnumerator: Medium-enumeration finished!
00:00:20.689628 GUI: UIMediumEnumerator: Medium-enumeration finished!
00:00:21.061274 GUI: UIMediumEnumerator: Medium-enumeration finished!
00:01:25.136049 GUI: UIMediumEnumerator: Medium-enumeration finished!
00:01:32.242692 GUI: UICommon: Handling aboutToQuit request..
00:01:33.183226 GUI: UICommon: aboutToQuit request handled!
